# JRE version: Java(TM) SE Runtime Environment (21.0.4+8) (build 21.0.4+8-LTS-274)
# Java VM: Java HotSpot(TM) 64-Bit Server VM (21.0.4+8-LTS-274, mixed mode, sharing, tiered, compressed oops, compressed class ptrs, g1 gc, windows-amd64)
GC Precious Log:
 CardTable entry size: 512
 Card Set container configuration: InlinePtr #cards 5 size 8 Array Of Cards #cards 12 size 40 Howl #buckets 4 coarsen threshold 1843 Howl Bitmap #cards 512 size 80 coarsen threshold 460 Card regions per heap region 1 cards per card region 2048
 CPUs: 8 total, 8 available
 Memory: 5877M
 Large Page Support: Disabled
 NUMA Support: Disabled
 Compressed Oops: Enabled (32-bit)
 Heap Region Size: 1M
 Heap Min Capacity: 8M
 Heap Initial Capacity: 92M
 Heap Max Capacity: 1470M
 Pre-touch: Disabled
 Parallel Workers: 8
 Concurrent Workers: 2
 Concurrent Refinement Workers: 8
 Periodic GC: Disabled
Heap:
 garbage-first heap   total 55296K, used 39559K [0x00000000a4200000, 0x0000000100000000)
  region size 1024K, 13 young (13312K), 2 survivors (2048K)
 Metaspace       used 63804K, committed 64512K, reserved 1114112K
  class space    used 8655K, committed 8960K, reserved 1048576K
GC Heap History (20 events):
Event: 4.359 GC heap before
{Heap before GC invocations=2 (full 0):
 garbage-first heap   total 94208K, used 55266K [0x00000000a4200000, 0x0000000100000000)
  region size 1024K, 48 young (49152K), 3 survivors (3072K)
 Metaspace       used 21194K, committed 21504K, reserved 1114112K
  class space    used 2611K, committed 2752K, reserved 1048576K
}
Event: 4.373 GC heap after
{Heap after GC invocations=3 (full 0):
 garbage-first heap   total 94208K, used 14323K [0x00000000a4200000, 0x0000000100000000)
  region size 1024K, 7 young (7168K), 7 survivors (7168K)
 Metaspace       used 21194K, committed 21504K, reserved 1114112K
  class space    used 2611K, committed 2752K, reserved 1048576K
}
Event: 5.629 GC heap before
{Heap before GC invocations=4 (full 0):
 garbage-first heap   total 55296K, used 39923K [0x00000000a4200000, 0x0000000100000000)
  region size 1024K, 32 young (32768K), 7 survivors (7168K)
 Metaspace       used 25119K, committed 25536K, reserved 1114112K
  class space    used 3199K, committed 3392K, reserved 1048576K
}
Event: 5.636 GC heap after
{Heap after GC invocations=5 (full 0):
 garbage-first heap   total 55296K, used 17195K [0x00000000a4200000, 0x0000000100000000)
  region size 1024K, 3 young (3072K), 3 survivors (3072K)
 Metaspace       used 25119K, committed 25536K, reserved 1114112K
  class space    used 3199K, committed 3392K, reserved 1048576K
}
Event: 6.796 GC heap before
{Heap before GC invocations=5 (full 0):
 garbage-first heap   total 55296K, used 41771K [0x00000000a4200000, 0x0000000100000000)
  region size 1024K, 28 young (28672K), 3 survivors (3072K)
 Metaspace       used 29814K, committed 30400K, reserved 1114112K
  class space    used 3830K, committed 4096K, reserved 1048576K
}
Event: 6.802 GC heap after
{Heap after GC invocations=6 (full 0):
 garbage-first heap   total 55296K, used 19853K [0x00000000a4200000, 0x0000000100000000)
  region size 1024K, 3 young (3072K), 3 survivors (3072K)
 Metaspace       used 29814K, committed 30400K, reserved 1114112K
  class space    used 3830K, committed 4096K, reserved 1048576K
}
Event: 7.695 GC heap before
{Heap before GC invocations=6 (full 0):
 garbage-first heap   total 55296K, used 40333K [0x00000000a4200000, 0x0000000100000000)
  region size 1024K, 24 young (24576K), 3 survivors (3072K)
 Metaspace       used 35491K, committed 35968K, reserved 1114112K
  class space    used 4695K, committed 4928K, reserved 1048576K
}
Event: 7.699 GC heap after
{Heap after GC invocations=7 (full 0):
 garbage-first heap   total 55296K, used 20760K [0x00000000a4200000, 0x0000000100000000)
  region size 1024K, 2 young (2048K), 2 survivors (2048K)
 Metaspace       used 35491K, committed 35968K, reserved 1114112K
  class space    used 4695K, committed 4928K, reserved 1048576K
}
Event: 8.793 GC heap before
{Heap before GC invocations=8 (full 0):
 garbage-first heap   total 55296K, used 44312K [0x00000000a4200000, 0x0000000100000000)
  region size 1024K, 26 young (26624K), 2 survivors (2048K)
 Metaspace       used 42797K, committed 43392K, reserved 1114112K
  class space    used 5638K, committed 5888K, reserved 1048576K
}
Event: 8.797 GC heap after
{Heap after GC invocations=9 (full 0):
 garbage-first heap   total 55296K, used 23097K [0x00000000a4200000, 0x0000000100000000)
  region size 1024K, 4 young (4096K), 4 survivors (4096K)
 Metaspace       used 42797K, committed 43392K, reserved 1114112K
  class space    used 5638K, committed 5888K, reserved 1048576K
}
Event: 9.645 GC heap before
{Heap before GC invocations=9 (full 0):
 garbage-first heap   total 55296K, used 44601K [0x00000000a4200000, 0x0000000100000000)
  region size 1024K, 26 young (26624K), 4 survivors (4096K)
 Metaspace       used 49740K, committed 50304K, reserved 1114112K
  class space    used 6572K, committed 6784K, reserved 1048576K
}
Event: 9.649 GC heap after
{Heap after GC invocations=10 (full 0):
 garbage-first heap   total 55296K, used 24031K [0x00000000a4200000, 0x0000000100000000)
  region size 1024K, 2 young (2048K), 2 survivors (2048K)
 Metaspace       used 49740K, committed 50304K, reserved 1114112K
  class space    used 6572K, committed 6784K, reserved 1048576K
}
Event: 10.408 GC heap before
{Heap before GC invocations=10 (full 0):
 garbage-first heap   total 55296K, used 46559K [0x00000000a4200000, 0x0000000100000000)
  region size 1024K, 25 young (25600K), 2 survivors (2048K)
 Metaspace       used 55774K, committed 56384K, reserved 1114112K
  class space    used 7544K, committed 7808K, reserved 1048576K
}
Event: 10.411 GC heap after
{Heap after GC invocations=11 (full 0):
 garbage-first heap   total 55296K, used 24787K [0x00000000a4200000, 0x0000000100000000)
  region size 1024K, 3 young (3072K), 3 survivors (3072K)
 Metaspace       used 55774K, committed 56384K, reserved 1114112K
  class space    used 7544K, committed 7808K, reserved 1048576K
}
Event: 11.154 GC heap before
{Heap before GC invocations=11 (full 0):
 garbage-first heap   total 55296K, used 44243K [0x00000000a4200000, 0x0000000100000000)
  region size 1024K, 23 young (23552K), 3 survivors (3072K)
 Metaspace       used 59471K, committed 60096K, reserved 1114112K
  class space    used 8004K, committed 8320K, reserved 1048576K
}
Event: 11.159 GC heap after
{Heap after GC invocations=12 (full 0):
 garbage-first heap   total 55296K, used 26570K [0x00000000a4200000, 0x0000000100000000)
  region size 1024K, 3 young (3072K), 3 survivors (3072K)
 Metaspace       used 59471K, committed 60096K, reserved 1114112K
  class space    used 8004K, committed 8320K, reserved 1048576K
}
Event: 11.982 GC heap before
{Heap before GC invocations=13 (full 0):
 garbage-first heap   total 55296K, used 47050K [0x00000000a4200000, 0x0000000100000000)
  region size 1024K, 23 young (23552K), 3 survivors (3072K)
 Metaspace       used 62452K, committed 63232K, reserved 1114112K
  class space    used 8479K, committed 8832K, reserved 1048576K
}
Event: 11.986 GC heap after
{Heap after GC invocations=14 (full 0):
 garbage-first heap   total 55296K, used 29034K [0x00000000a4200000, 0x0000000100000000)
  region size 1024K, 3 young (3072K), 3 survivors (3072K)
 Metaspace       used 62452K, committed 63232K, reserved 1114112K
  class space    used 8479K, committed 8832K, reserved 1048576K
}
Event: 203.352 GC heap before
{Heap before GC invocations=14 (full 0):
 garbage-first heap   total 55296K, used 47466K [0x00000000a4200000, 0x0000000100000000)
  region size 1024K, 21 young (21504K), 3 survivors (3072K)
 Metaspace       used 63776K, committed 64512K, reserved 1114112K
  class space    used 8655K, committed 8960K, reserved 1048576K
}
Event: 203.479 GC heap after
{Heap after GC invocations=15 (full 0):
 garbage-first heap   total 55296K, used 29319K [0x00000000a4200000, 0x0000000100000000)
  region size 1024K, 2 young (2048K), 2 survivors (2048K)
 Metaspace       used 63776K, committed 64512K, reserved 1114112K
  class space    used 8655K, committed 8960K, reserved 1048576K
}

